<?xml version="1.0" encoding="UTF-8"?>
<!-- Generated by org.testng.reporters.JUnitXMLReporter -->
<testsuite hostname="DESKTOP-6TES89P" ignored="0" name="  HRM Application TestCases" tests="6" failures="0" timestamp="06 Mar 2020 04:32:16 GMT" time="165.724" errors="0">
  <testcase name="fillData" time="1.537" classname="com.hrm.test.AddEmployeePageTest"/>
  <testcase name="ValidateLoginPageTest" time="0.024" classname="com.hrm.test.LoginPageTest"/>
  <testcase name="validateOpenPIMPageTitleTest" time="0.019" classname="com.hrm.test.OpenPIMPageTest"/>
  <testcase name="validateAddEmployeePageTest" time="0.02" classname="com.hrm.test.AddEmployeePageTest"/>
  <testcase name="testCredentials" time="5.489" classname="com.hrm.test.LoginPageTest"/>
  <testcase name="clickTest" time="4.618" classname="com.hrm.test.OpenPIMPageTest"/>
</testsuite> <!--   HRM Application TestCases -->
